Kechengpai-bomb/app/build/outputs/logs/manifest-merger-debug-report.txt
-- Merging decision tree log ---
manifest
ADDED from src\main\AndroidManifest.xml:2:1-53:12
	package
		ADDED from src\main\AndroidManifest.xml:3:5-42
		INJECTED from src\main\AndroidManifest.xml
		INJECTED from src\main\AndroidManifest.xml
	android:versionName
		INJECTED from src\main\AndroidManifest.xml
		INJECTED from src\main\AndroidManifest.xml
	xmlns:android
		ADDED from src\main\AndroidManifest.xml:4:5-63
	android:versionCode
		INJECTED from src\main\AndroidManifest.xml
		INJECTED from src\main\AndroidManifest.xml
uses-permission#android.permission.INTERNET
ADDED from src\main\AndroidManifest.xml:7:5-66
	android:name
		ADDED from src\main\AndroidManifest.xml:7:22-64
uses-permission#android.permission.ACCESS_NETWORK_STATE
ADDED from src\main\AndroidManifest.xml:9:5-78
	android:name
		ADDED from src\main\AndroidManifest.xml:9:22-76
uses-permission#android.permission.ACCESS_WIFI_STATE
ADDED from src\main\AndroidManifest.xml:11:5-75
	android:name
		ADDED from src\main\AndroidManifest.xml:11:22-73
uses-permission#android.permission.WAKE_LOCK
ADDED from src\main\AndroidManifest.xml:13:5-67
	android:name
		ADDED from src\main\AndroidManifest.xml:13:22-65
uses-permission#android.permission.WRITE_EXTERNAL_STORAGE
ADDED from src\main\AndroidManifest.xml:15:5-80
	android:name
		ADDED from src\main\AndroidManifest.xml:15:22-78
uses-permission#android.permission.READ_PHONE_STATE
ADDED from src\main\AndroidManifest.xml:17:5-74
	android:name
		ADDED from src\main\AndroidManifest.xml:17:22-72
application
ADDED from src\main\AndroidManifest.xml:19:5-52:19
MERGED from [com.android.support:appcompat-v7:23.1.1] AndroidManifest.xml:22:5-20
MERGED from [com.android.support:support-v4:23.2.1] AndroidManifest.xml:22:5-20
MERGED from [com.shamanland:fab:0.0.8] AndroidManifest.xml:12:5-20
MERGED from [com.android.support:cardview-v7:23.1.1] AndroidManifest.xml:22:5-20
MERGED from [com.android.support:support-v4:23.2.1] AndroidManifest.xml:22:5-20
MERGED from [com.android.support:design:23.1.1] AndroidManifest.xml:22:5-20
MERGED from [com.android.support:appcompat-v7:23.1.1] AndroidManifest.xml:22:5-20
MERGED from [com.android.support:support-v4:23.2.1] AndroidManifest.xml:22:5-20
MERGED from [com.android.support:support-v4:23.2.1] AndroidManifest.xml:22:5-20
MERGED from [com.android.support:support-v4:23.2.1] AndroidManifest.xml:22:5-20
MERGED from [de.hdodenhof:circleimageview:2.0.0] AndroidManifest.xml:9:5-20
MERGED from [com.android.support:support-v4:23.2.1] AndroidManifest.xml:22:5-20
	android:label
		ADDED from src\main\AndroidManifest.xml:23:9-41
	android:supportsRtl
		ADDED from src\main\AndroidManifest.xml:24:9-35
	android:allowBackup
		ADDED from src\main\AndroidManifest.xml:21:9-35
	android:icon
		ADDED from src\main\AndroidManifest.xml:22:9-43
	android:theme
		ADDED from src\main\AndroidManifest.xml:25:9-40
	android:name
		ADDED from src\main\AndroidManifest.xml:20:9-63
activity#com.ketangpai.activity.SplashAcitvity
ADDED from src\main\AndroidManifest.xml:26:9-32:20
	android:name
		ADDED from src\main\AndroidManifest.xml:26:19-71
intent-filter#android.intent.action.MAIN+android.intent.category.LAUNCHER
ADDED from src\main\AndroidManifest.xml:27:13-31:29
action#android.intent.action.MAIN
ADDED from src\main\AndroidManifest.xml:28:17-68
	android:name
		ADDED from src\main\AndroidManifest.xml:28:25-66
category#android.intent.category.LAUNCHER
ADDED from src\main\AndroidManifest.xml:30:17-76
	android:name
		ADDED from src\main\AndroidManifest.xml:30:27-74
activity#com.ketangpai.activity.LoginActivity
ADDED from src\main\AndroidManifest.xml:33:9-35:64
	android:windowSoftInputMode
		ADDED from src\main\AndroidManifest.xml:35:13-52
	android:name
		ADDED from src\main\AndroidManifest.xml:34:13-64
activity#com.ketangpai.activity.MainActivity
ADDED from src\main\AndroidManifest.xml:36:9-37:68
	android:windowSoftInputMode
		ADDED from src\main\AndroidManifest.xml:37:13-56
	android:name
		ADDED from src\main\AndroidManifest.xml:36:19-69
activity#com.ketangpai.activity.SearchActivity
ADDED from src\main\AndroidManifest.xml:38:9-83
	android:name
		ADDED from src\main\AndroidManifest.xml:38:19-71
activity#com.ketangpai.activity.CourseActivity
ADDED from src\main\AndroidManifest.xml:39:9-83
	android:name
		ADDED from src\main\AndroidManifest.xml:39:19-71
activity#com.ketangpai.activity.ChatActivity
ADDED from src\main\AndroidManifest.xml:40:9-42:64
	android:windowSoftInputMode
		ADDED from src\main\AndroidManifest.xml:42:13-52
	android:name
		ADDED from src\main\AndroidManifest.xml:41:13-63
activity#com.ketangpai.activity.NotificationActivity
ADDED from src\main\AndroidManifest.xml:43:9-89
	android:name
		ADDED from src\main\AndroidManifest.xml:43:19-77
activity#com.ketangpai.activity.AccountActivity
ADDED from src\main\AndroidManifest.xml:44:9-84
	android:name
		ADDED from src\main\AndroidManifest.xml:44:19-72
activity#com.ketangpai.activity.AddHomeWorkActivity
ADDED from src\main\AndroidManifest.xml:45:9-88
	android:name
		ADDED from src\main\AndroidManifest.xml:45:19-76
activity#com.ketangpai.activity.AddDataActivity
ADDED from src\main\AndroidManifest.xml:46:9-84
	android:name
		ADDED from src\main\AndroidManifest.xml:46:19-72
activity#com.ketangpai.activity.AddNoticekActivity
ADDED from src\main\AndroidManifest.xml:47:9-87
	android:name
		ADDED from src\main\AndroidManifest.xml:47:19-75
activity#com.ketangpai.activity.NoticeActivity
ADDED from src\main\AndroidManifest.xml:48:9-83
	android:name
		ADDED from src\main\AndroidManifest.xml:48:19-71
activity#com.ketangpai.activity.DataActivity
ADDED from src\main\AndroidManifest.xml:49:9-81
	android:name
		ADDED from src\main\AndroidManifest.xml:49:19-69
activity#com.ketangpai.activity.ContactsActivity
ADDED from src\main\AndroidManifest.xml:50:9-85
	android:name
		ADDED from src\main\AndroidManifest.xml:50:19-73
activity#com.ketangpai.activity.AccountUpdateActivity
ADDED from src\main\AndroidManifest.xml:51:9-90
	android:name
		ADDED from src\main\AndroidManifest.xml:51:19-78
uses-sdk
INJECTED from src\main\AndroidManifest.xml reason: use-sdk injection requested
MERGED from [com.android.support:appcompat-v7:23.1.1] AndroidManifest.xml:20:5-43
MERGED from [com.android.support:support-v4:23.2.1] AndroidManifest.xml:20:5-43
MERGED from [com.shamanland:fab:0.0.8] AndroidManifest.xml:8:5-10:41
MERGED from [com.android.support:cardview-v7:23.1.1] AndroidManifest.xml:20:5-43
MERGED from [com.android.support:recyclerview-v7:23.1.1] AndroidManifest.xml:20:5-43
MERGED from [com.android.support:support-v4:23.2.1] AndroidManifest.xml:20:5-43
MERGED from [com.android.support:design:23.1.1] AndroidManifest.xml:20:5-43
MERGED from [com.android.support:appcompat-v7:23.1.1] AndroidManifest.xml:20:5-43
MERGED from [com.android.support:support-v4:23.2.1] AndroidManifest.xml:20:5-43
MERGED from [com.android.support:recyclerview-v7:23.1.1] AndroidManifest.xml:20:5-43
MERGED from [com.android.support:support-v4:23.2.1] AndroidManifest.xml:20:5-43
MERGED from [com.android.support:support-v4:23.2.1] AndroidManifest.xml:20:5-43
MERGED from [de.hdodenhof:circleimageview:2.0.0] AndroidManifest.xml:5:5-7:41
MERGED from [com.android.support:support-v4:23.2.1] AndroidManifest.xml:20:5-43
	android:targetSdkVersion
		INJECTED from src\main\AndroidManifest.xml
		INJECTED from src\main\AndroidManifest.xml
	android:minSdkVersion
		INJECTED from src\main\AndroidManifest.xml
		INJECTED from src\main\AndroidManifest.xml